[debug] [2025-08-25T12:51:36.617Z] ----------------------------------------------------------------------
[debug] [2025-08-25T12:51:36.620Z] Command:       C:\Program Files\nodejs\node.exe C:\Users\ASUS\AppData\Roaming\npm\node_modules\firebase-tools\lib\bin\firebase.js init
[debug] [2025-08-25T12:51:36.621Z] CLI Version:   14.14.0
[debug] [2025-08-25T12:51:36.621Z] Platform:      win32
[debug] [2025-08-25T12:51:36.621Z] Node Version:  v22.17.0
[debug] [2025-08-25T12:51:36.621Z] Time:          Mon Aug 25 2025 15:51:36 GMT+0300 (GMT+03:00)
[debug] [2025-08-25T12:51:36.621Z] ----------------------------------------------------------------------
[debug] 
[debug] [2025-08-25T12:51:36.631Z] > command requires scopes: ["email","openid","https://www.googleapis.com/auth/cloudplatformprojects.readonly","https://www.googleapis.com/auth/firebase","https://www.googleapis.com/auth/cloud-platform"]
[debug] [2025-08-25T12:51:36.632Z] > authorizing via signed-in user (sevdettetik@gmail.com)
[info] 
     ######## #### ########  ######## ########     ###     ######  ########
     ##        ##  ##     ## ##       ##     ##  ##   ##  ##       ##
     ######    ##  ########  ######   ########  #########  ######  ######
     ##        ##  ##    ##  ##       ##     ## ##     ##       ## ##
     ##       #### ##     ## ######## ########  ##     ##  ######  ########

You're about to initialize a Firebase project in this directory:

  C:\Users\ASUS\EgitimPlatformu\YeniEgitimPlatformu

[info] 
=== Project Setup
[info] 
[info] First, let's associate this project directory with a Firebase project.
[info] You can create multiple project aliases by running firebase use --add, 
[info] but for now we'll just set up a default project.
[info] 
[debug] [2025-08-25T12:54:29.832Z] Checked if tokens are valid: true, expires at: 1756129870439
[debug] [2025-08-25T12:54:29.832Z] Checked if tokens are valid: true, expires at: 1756129870439
[debug] [2025-08-25T12:54:29.837Z] >>> [apiv2][query] GET https://firebase.googleapis.com/v1beta1/projects pageSize=100
[debug] [2025-08-25T12:54:30.709Z] <<< [apiv2][status] GET https://firebase.googleapis.com/v1beta1/projects 200
[debug] [2025-08-25T12:54:30.709Z] <<< [apiv2][body] GET https://firebase.googleapis.com/v1beta1/projects [omitted]
